<?xml version="1.0" encoding="UTF-8"?>
<!-- Generated by org.testng.reporters.JUnitReportReporter -->
<testsuite hostname="MACLTUS100647" failures="0" tests="1" name="session2.draggerTest" time="4.441" errors="0" timestamp="20 May 2020 11:40:53 GMT">
  <testcase classname="session2.draggerTest" name="testDragDrop" time="4.441"/>
</testsuite> <!-- session2.draggerTest -->
