<?xml version="1.0" encoding="UTF-8"?>
<!-- Generated by org.testng.reporters.JUnitReportReporter -->
<testsuite hostname="MACLTUS100647" failures="0" tests="1" name="session2.draggerTest" time="1.191" errors="0" timestamp="18 May 2020 10:43:42 GMT">
  <testcase classname="session2.draggerTest" name="testDragDrop" time="1.191"/>
</testsuite> <!-- session2.draggerTest -->
