<?xml version="1.0" encoding="UTF-8"?>
<!-- Generated by org.testng.reporters.JUnitReportReporter -->
<testsuite hostname="MACLTUS100647" failures="0" tests="4" name="session3.ContactTest" time="6.627" errors="0" timestamp="20 May 2020 12:37:38 GMT">
  <testcase classname="session3.ContactTest" name="testEmailFail" time="2.045"/>
  <testcase classname="session3.ContactTest" name="TestSuccess" time="1.992"/>
  <testcase classname="session3.ContactTest" name="testEmailFail" time="0.998"/>
  <testcase classname="session3.ContactTest" name="TestSuccess" time="1.592"/>
</testsuite> <!-- session3.ContactTest -->
