<?xml version="1.0" encoding="UTF-8"?>
<!-- Generated by org.testng.reporters.JUnitReportReporter -->
<testsuite hostname="MACLTUS100647" failures="0" tests="4" name="session3.ContactTest" time="6.859" errors="0" timestamp="20 May 2020 11:09:55 GMT">
  <testcase classname="session3.ContactTest" name="testEmailFail" time="1.504"/>
  <testcase classname="session3.ContactTest" name="TestSuccess" time="1.593"/>
  <testcase classname="session3.ContactTest" name="TestSuccess" time="2.225"/>
  <testcase classname="session3.ContactTest" name="testEmailFail" time="1.537"/>
</testsuite> <!-- session3.ContactTest -->
